2023-06-06 13:56:13.972765: I /Users/sciueferrara/Downloads/Elliot-Web-main-4/backend/data/50757eaf0fe41d38a17a8a40d72d16a8/train_dataset.tsv - Loaded
2023-06-06 13:56:13.977062: I Test Fold 0
2023-06-06 13:56:14.150758: I Statistics	Users:	1398	Items:	2933	Transactions:	18978	Sparsity:	0.9953715965577439
2023-06-06 13:56:14.349717: I Training begun for Random\n
2023-06-06 13:56:14.349763: I Hyperparameters:
2023-06-06 13:56:14.349789: I meta set to namespace(hyper_max_evals='1', hyper_opt_alg='tpe', save_weights=True, validation_metric='nDCG@1', validation_rate=1, verbose=False)
2023-06-06 13:56:14.350042: I id set to 0
2023-06-06 13:56:14.350072: I modelClass set to Unpersonalized Recommenders
2023-06-06 13:56:14.350095: I loading_model set to Random
2023-06-06 13:56:14.350120: I random_seed set to 42
2023-06-06 13:56:14.350147: I validation_metric set to nDCG@1
2023-06-06 13:56:14.350169: I validation_rate set to 1
2023-06-06 13:56:14.350258: I hyper_opt_alg set to tpe
2023-06-06 13:56:14.350326: I hyper_max_evals set to 1
2023-06-06 13:56:14.351035: I Exploration: Test Fold exploration number 1
2023-06-06 13:56:14.351059: I Exploration: Train-Validation Fold exploration number 1
2023-06-06 13:56:14.393212: I 
2023-06-06 13:56:14.393257: I Test Evaluation results
2023-06-06 13:56:14.393281: I Cut-off: 1
2023-06-06 13:56:14.393302: I Eval Time: 0.007110118865966797
2023-06-06 13:56:14.393322: I Results
2023-06-06 13:56:14.393372: I nDCG	0.0
2023-06-06 13:56:14.393397: I Training ended for Random
2023-06-06 13:56:14.393415: I Loss:\t0.0
2023-06-06 13:56:14.393459: I Best Model params:\t{'meta': namespace(hyper_max_evals='1', hyper_opt_alg='tpe', save_weights=True, validation_metric='nDCG@1', validation_rate=1, verbose=False), 'id': 0, 'modelClass': 'Unpersonalized Recommenders', 'loading_model': 'Random', 'random_seed': 42, 'validation_metric': 'nDCG@1', 'validation_rate': 1, 'hyper_opt_alg': 'tpe', 'hyper_max_evals': 1, 'name': 'Random_seed=42'}
2023-06-06 13:56:14.393490: I Best Model results:\t{1: {'nDCG': 0.0}}
2023-06-06 13:56:14.393894: I Hyperparameters:
2023-06-06 13:56:14.394091: I meta set to namespace(hyper_max_evals='1', hyper_opt_alg='tpe', save_weights=True, validation_metric='nDCG@1', validation_rate=1, verbose=False)
2023-06-06 13:56:14.394113: I id set to 0
2023-06-06 13:56:14.394133: I modelClass set to Unpersonalized Recommenders
2023-06-06 13:56:14.394153: I loading_model set to Random
2023-06-06 13:56:14.394179: I random_seed set to 42
2023-06-06 13:56:14.394216: I validation_metric set to nDCG@1
2023-06-06 13:56:14.394239: I validation_rate set to 1
2023-06-06 13:56:14.394261: I hyper_opt_alg set to tpe
2023-06-06 13:56:14.394282: I hyper_max_evals set to 1
2023-06-06 13:56:14.394301: I name set to Random_seed=42
2023-06-06 13:56:14.394323: I Exploration: Test Fold exploration number 1
2023-06-06 13:56:14.394342: I Exploration: Train-Validation Fold exploration number 1
2023-06-06 13:56:14.438317: I 
2023-06-06 13:56:14.438359: I Test Evaluation results
2023-06-06 13:56:14.438381: I Cut-off: 1
2023-06-06 13:56:14.438403: I Eval Time: 0.0073850154876708984
2023-06-06 13:56:14.438495: I Results
2023-06-06 13:56:14.438549: I nDCG	0.0
