2023-06-06 13:20:20.261431: I /Users/sciueferrara/Downloads/Elliot-Web-main-4/backend/data/04fe6e2fd67b2ce488b519800059c3c5/train_dataset.tsv - Loaded
2023-06-06 13:20:20.269460: I Test Fold 0
2023-06-06 13:20:21.492837: I Statistics	Users:	1398	Items:	2933	Transactions:	18978	Sparsity:	0.9953715965577439
2023-06-06 13:20:28.750407: I Training begun for MultiVAE\n
2023-06-06 13:20:28.750910: I Hyperparameters:
2023-06-06 13:20:28.751164: I meta set to namespace(hyper_max_evals='1', hyper_opt_alg='tpe', save_weights=True, validation_metric='nDCG@10', validation_rate=1, verbose=False)
2023-06-06 13:20:28.751221: I id set to 0.0
2023-06-06 13:20:28.751333: I modelClass set to Autoencoders
2023-06-06 13:20:28.751524: I loading_model set to MultiVAE
2023-06-06 13:20:28.752150: I epochs set to 12.0
2023-06-06 13:20:28.752384: I batch_size set to 5.0
2023-06-06 13:20:28.752506: I intermediate_dim set to 6.0
2023-06-06 13:20:28.752578: I latent_dim set to 6.0
2023-06-06 13:20:28.752644: I reg_lambda set to 500.0
2023-06-06 13:20:28.752714: I lr set to 0.0012
2023-06-06 13:20:28.752814: I dropout_pkeep set to 0.05
2023-06-06 13:20:28.753260: I validation_metric set to nDCG@10
2023-06-06 13:20:28.753335: I validation_rate set to 1.0
2023-06-06 13:20:28.753437: I hyper_opt_alg set to tpe
2023-06-06 13:20:28.753508: I hyper_max_evals set to 1.0
2023-06-06 13:20:28.753569: I Exploration: Test Fold exploration number 1
2023-06-06 13:20:28.753705: I Exploration: Train-Validation Fold exploration number 1
