2023-06-06 14:46:01.023422: I /Users/sciueferrara/Downloads/Elliot-Web-main-4/backend/data/34cf97505b9cc68372ef48ed5afd26c2/train_dataset.tsv - Loaded
2023-06-06 14:46:01.029234: I Test Fold 0
2023-06-06 14:46:02.223601: I Statistics	Users:	1380	Items:	843	Transactions:	11406	Sparsity:	0.9901954716591882
2023-06-06 14:46:09.221454: I Training begun for Random\n
2023-06-06 14:46:09.221711: I Hyperparameters:
2023-06-06 14:46:09.221808: I meta set to namespace(hyper_max_evals='1', hyper_opt_alg='tpe', save_weights=True, validation_metric='nDCG@10', validation_rate=1, verbose=False)
2023-06-06 14:46:09.221924: I id set to 2
2023-06-06 14:46:09.221985: I modelClass set to Unpersonalized Recommenders
2023-06-06 14:46:09.222067: I loading_model set to Random
2023-06-06 14:46:09.222137: I validation_metric set to nDCG@10
2023-06-06 14:46:09.222223: I validation_rate set to 1
2023-06-06 14:46:09.222457: I hyper_opt_alg set to tpe
2023-06-06 14:46:09.222571: I hyper_max_evals set to 1
2023-06-06 14:46:09.222679: I epochs set to 1
2023-06-06 14:46:09.222762: I batch_size set to 64
2023-06-06 14:46:09.222869: I intermediate_dim set to 12
2023-06-06 14:46:09.222950: I latent_dim set to 6
2023-06-06 14:46:09.223054: I reg_lambda set to 0.2
2023-06-06 14:46:09.223156: I lr set to 0.01
2023-06-06 14:46:09.223260: I dropout_pkeep set to 0.5
2023-06-06 14:46:09.223390: I random_seed set to 42
2023-06-06 14:46:09.223640: I Exploration: Test Fold exploration number 1
2023-06-06 14:46:09.223843: I Exploration: Train-Validation Fold exploration number 1
2023-06-06 14:46:09.352816: I 
2023-06-06 14:46:09.357475: I Test Evaluation results
2023-06-06 14:46:09.357541: I Cut-off: 10
2023-06-06 14:46:09.357609: I Eval Time: 0.10105299949645996
2023-06-06 14:46:09.359213: I Results
2023-06-06 14:46:09.359287: I nDCG	0.00761
2023-06-06 14:46:09.359873: I Training ended for Random
2023-06-06 14:46:09.360089: I Loss:\t-0.007606589822851285
2023-06-06 14:46:09.360281: I Best Model params:\t{'meta': namespace(hyper_max_evals='1', hyper_opt_alg='tpe', save_weights=True, validation_metric='nDCG@10', validation_rate=1, verbose=False), 'id': 2, 'modelClass': 'Unpersonalized Recommenders', 'loading_model': 'Random', 'validation_metric': 'nDCG@10', 'validation_rate': 1, 'hyper_opt_alg': 'tpe', 'hyper_max_evals': 1, 'epochs': 1, 'batch_size': 64, 'intermediate_dim': 12, 'latent_dim': 6, 'reg_lambda': 0.2, 'lr': 0.01, 'dropout_pkeep': 0.5, 'random_seed': 42, 'name': 'Random_seed=42'}
2023-06-06 14:46:09.360378: I Best Model results:\t{10: {'nDCG': 0.007606589822851285}}
2023-06-06 14:46:09.360466: I Hyperparameters:
2023-06-06 14:46:09.360556: I meta set to namespace(hyper_max_evals='1', hyper_opt_alg='tpe', save_weights=True, validation_metric='nDCG@10', validation_rate=1, verbose=False)
2023-06-06 14:46:09.360682: I id set to 2
2023-06-06 14:46:09.360920: I modelClass set to Unpersonalized Recommenders
2023-06-06 14:46:09.361037: I loading_model set to Random
2023-06-06 14:46:09.361133: I validation_metric set to nDCG@10
2023-06-06 14:46:09.361370: I validation_rate set to 1
2023-06-06 14:46:09.361506: I hyper_opt_alg set to tpe
2023-06-06 14:46:09.361613: I hyper_max_evals set to 1
2023-06-06 14:46:09.361698: I epochs set to 1
2023-06-06 14:46:09.361824: I batch_size set to 64
2023-06-06 14:46:09.361911: I intermediate_dim set to 12
2023-06-06 14:46:09.361974: I latent_dim set to 6
2023-06-06 14:46:09.362061: I reg_lambda set to 0.2
2023-06-06 14:46:09.362206: I lr set to 0.01
2023-06-06 14:46:09.362341: I dropout_pkeep set to 0.5
2023-06-06 14:46:09.362427: I random_seed set to 42
2023-06-06 14:46:09.362510: I name set to Random_seed=42
2023-06-06 14:46:09.362625: I Exploration: Test Fold exploration number 1
2023-06-06 14:46:09.362783: I Exploration: Train-Validation Fold exploration number 1
2023-06-06 14:46:09.492242: I 
2023-06-06 14:46:09.492512: I Test Evaluation results
2023-06-06 14:46:09.492583: I Cut-off: 10
2023-06-06 14:46:09.492651: I Eval Time: 0.09945082664489746
2023-06-06 14:46:09.492715: I Results
2023-06-06 14:46:09.492777: I nDCG	0.00761
